<?xml version="1.0" encoding="UTF-8"?>
<!-- Generated by org.testng.reporters.JUnitReportReporter -->
<testsuite hostname="DESKTOP-5M1E1J5" failures="0" tests="1" name="tests.Get" time="11.872" errors="0" timestamp="2021-11-21T10:58:03 IST" skipped="0">
  <testcase classname="tests.Get" name="gets" time="11.872"/>
  <system-out/>
</testsuite> <!-- tests.Get -->
