<?xml version="1.0" encoding="UTF-8"?>
<!-- Generated by org.testng.reporters.JUnitReportReporter -->
<testsuite hostname="DESKTOP-5M1E1J5" failures="0" tests="1" name="basictest.B" time="27.535" errors="0" timestamp="2021-12-03T12:03:39 IST" skipped="0">
  <testcase classname="basictest.B" name="run" time="27.535"/>
  <system-out/>
</testsuite> <!-- basictest.B -->
