<?xml version="1.0" encoding="UTF-8"?>
<!-- Generated by org.testng.reporters.JUnitReportReporter -->
<testsuite hostname="DESKTOP-5M1E1J5" failures="0" tests="1" name="basictest.Test1" time="7.368" errors="0" timestamp="2021-12-13T12:45:21 IST" skipped="0">
  <testcase classname="basictest.Test1" name="test1" time="7.368"/>
  <system-out/>
</testsuite> <!-- basictest.Test1 -->
