<?xml version="1.0" encoding="UTF-8"?>
<!-- Generated by org.testng.reporters.JUnitReportReporter -->
<testsuite hostname="DESKTOP-5M1E1J5" failures="0" tests="1" name="tests.Navigation" time="40.475" errors="0" timestamp="2021-11-21T10:39:30 IST" skipped="0">
  <testcase classname="tests.Navigation" name="navigations" time="40.475"/>
  <system-out/>
</testsuite> <!-- tests.Navigation -->
