<?xml version="1.0" encoding="UTF-8"?>
<!-- Generated by org.testng.reporters.JUnitReportReporter -->
<testsuite hostname="DESKTOP-5M1E1J5" failures="0" tests="1" name="basictest.Test1" time="12.621" errors="0" timestamp="2021-12-03T11:20:22 IST" skipped="0">
  <testcase classname="basictest.Test1" name="test1" time="12.621"/>
  <system-out/>
</testsuite> <!-- basictest.Test1 -->
