<?xml version="1.0" encoding="UTF-8"?>
<!-- Generated by org.testng.reporters.JUnitReportReporter -->
<testsuite hostname="DESKTOP-5M1E1J5" failures="0" tests="1" name="tests.FRAMES" time="22.055" errors="0" timestamp="2021-11-24T12:57:28 IST" skipped="0">
  <testcase classname="tests.FRAMES" name="frames" time="22.055"/>
  <system-out/>
</testsuite> <!-- tests.FRAMES -->
